<?xml version="1.0" encoding="UTF-8"?>
<robot generator="Robot 3.1.2 (Python 3.8.0 on win32)" generated="20191017 14:27:40.697" rpa="false">
<suite id="s1" name="MyFirstTestSuite" source="C:\Users\chhansen\eclipse-workspace\MyFirstRobotProject\tests\MyFirstTestSuite.robot">
<kw name="Log" library="BuiltIn" type="setup">
<doc>Logs the given message with the given level.</doc>
<arguments>
<arg>I am inside Test Suite Setup</arg>
</arguments>
<msg timestamp="20191017 14:27:41.244" level="INFO">I am inside Test Suite Setup</msg>
<status status="PASS" starttime="20191017 14:27:41.244" endtime="20191017 14:27:41.245"></status>
</kw>
<test id="s1-t1" name="MySecondTest">
<kw name="Log" library="BuiltIn" type="setup">
<doc>Logs the given message with the given level.</doc>
<arguments>
<arg>I am inside Test Setup</arg>
</arguments>
<msg timestamp="20191017 14:27:41.246" level="INFO">I am inside Test Setup</msg>
<status status="PASS" starttime="20191017 14:27:41.245" endtime="20191017 14:27:41.246"></status>
</kw>
<kw name="Set Tags" library="BuiltIn">
<doc>Adds given ``tags`` for the current test or all tests in a suite.</doc>
<arguments>
<arg>regression1</arg>
</arguments>
<msg timestamp="20191017 14:27:41.247" level="INFO">Set tag 'regression1'.</msg>
<status status="PASS" starttime="20191017 14:27:41.246" endtime="20191017 14:27:41.247"></status>
</kw>
<kw name="Remove Tags" library="BuiltIn">
<doc>Removes given ``tags`` from the current test or all tests in a suite.</doc>
<arguments>
<arg>regression1</arg>
</arguments>
<msg timestamp="20191017 14:27:41.251" level="INFO">Removed tag 'regression1'.</msg>
<status status="PASS" starttime="20191017 14:27:41.247" endtime="20191017 14:27:41.251"></status>
</kw>
<kw name="Log" library="BuiltIn">
<doc>Logs the given message with the given level.</doc>
<arguments>
<arg>Inside second test</arg>
</arguments>
<msg timestamp="20191017 14:27:41.252" level="INFO">Inside second test</msg>
<status status="PASS" starttime="20191017 14:27:41.252" endtime="20191017 14:27:41.252"></status>
</kw>
<kw name="Log" library="BuiltIn" type="teardown">
<doc>Logs the given message with the given level.</doc>
<arguments>
<arg>I am inside Test Teardown</arg>
</arguments>
<msg timestamp="20191017 14:27:41.252" level="INFO">I am inside Test Teardown</msg>
<status status="PASS" starttime="20191017 14:27:41.252" endtime="20191017 14:27:41.253"></status>
</kw>
<tags>
<tag>sanity</tag>
</tags>
<status status="PASS" starttime="20191017 14:27:41.245" endtime="20191017 14:27:41.253" critical="yes"></status>
</test>
<test id="s1-t2" name="MyThirdTest">
<kw name="Log" library="BuiltIn" type="setup">
<doc>Logs the given message with the given level.</doc>
<arguments>
<arg>I am inside Test Setup</arg>
</arguments>
<msg timestamp="20191017 14:27:41.256" level="INFO">I am inside Test Setup</msg>
<status status="PASS" starttime="20191017 14:27:41.256" endtime="20191017 14:27:41.256"></status>
</kw>
<kw name="Log" library="BuiltIn">
<doc>Logs the given message with the given level.</doc>
<arguments>
<arg>Inside thrid test</arg>
</arguments>
<msg timestamp="20191017 14:27:41.257" level="INFO">Inside thrid test</msg>
<status status="PASS" starttime="20191017 14:27:41.256" endtime="20191017 14:27:41.257"></status>
</kw>
<kw name="Log" library="BuiltIn" type="teardown">
<doc>Logs the given message with the given level.</doc>
<arguments>
<arg>I am inside Test Teardown</arg>
</arguments>
<msg timestamp="20191017 14:27:41.257" level="INFO">I am inside Test Teardown</msg>
<status status="PASS" starttime="20191017 14:27:41.257" endtime="20191017 14:27:41.257"></status>
</kw>
<tags>
<tag>sanity</tag>
</tags>
<status status="PASS" starttime="20191017 14:27:41.255" endtime="20191017 14:27:41.258" critical="yes"></status>
</test>
<kw name="Log" library="BuiltIn" type="teardown">
<doc>Logs the given message with the given level.</doc>
<arguments>
<arg>I am inside Test Test Suite Teardown</arg>
</arguments>
<msg timestamp="20191017 14:27:41.260" level="INFO">I am inside Test Test Suite Teardown</msg>
<status status="PASS" starttime="20191017 14:27:41.260" endtime="20191017 14:27:41.260"></status>
</kw>
<status status="PASS" starttime="20191017 14:27:40.704" endtime="20191017 14:27:41.260"></status>
</suite>
<statistics>
<total>
<stat pass="2" fail="0">Critical Tests</stat>
<stat pass="2" fail="0">All Tests</stat>
</total>
<tag>
<stat pass="2" fail="0">sanity</stat>
</tag>
<suite>
<stat pass="2" fail="0" id="s1" name="MyFirstTestSuite">MyFirstTestSuite</stat>
</suite>
</statistics>
<errors>
</errors>
</robot>
